[2024-01-23 15:44:40,882] multiqc                                            [DEBUG  ]  No MultiQC config found: /opt/miniconda3/envs/fastqc_trim/lib/python2.7/site-packages/multiqc-1.0.dev0-py2.7.egg/multiqc_config.yaml
[2024-01-23 15:44:40,882] multiqc                                            [DEBUG  ]  No MultiQC config found: /home/user19/.multiqc_config.yaml
[2024-01-23 15:44:40,882] multiqc                                            [DEBUG  ]  No MultiQC config found: multiqc_config.yaml
[2024-01-23 15:44:40,882] multiqc                                            [DEBUG  ]  Command used: /opt/miniconda3/envs/fastqc_trim/bin/multiqc .
[2024-01-23 15:44:40,883] multiqc                                            [DEBUG  ]  Could not connect to multiqc.info for version check
[2024-01-23 15:44:40,883] multiqc                                            [INFO   ]  This is MultiQC v1.0.dev0
[2024-01-23 15:44:40,883] multiqc                                            [DEBUG  ]  Command     : /opt/miniconda3/envs/fastqc_trim/bin/multiqc .
[2024-01-23 15:44:40,883] multiqc                                            [DEBUG  ]  Working dir : /home/user19/analisis16s/data/Demultiplexed
[2024-01-23 15:44:40,883] multiqc                                            [INFO   ]  Template    : default
[2024-01-23 15:44:40,883] multiqc                                            [INFO   ]  Searching '.'
[2024-01-23 15:44:40,883] multiqc                                            [DEBUG  ]  Analysing modules: custom_content, peddy, methylQA, qualimap, preseq, quast, rseqc, busco, goleft_indexcov, snpeff, gatk, htseq, bcftools, featureCounts, picard, prokka, samblaster, samtools, bamtools, bismark, hicup, salmon, kallisto, slamdunk, star, tophat, bowtie2, bowtie1, cutadapt, trimmomatic, skewer, fastq_screen, fastqc, clusterflow
[2024-01-23 15:44:40,883] multiqc                                            [DEBUG  ]  Using temporary directory for creating report: /tmp/tmpjNhbr2
[2024-01-23 15:44:40,887] multiqc                                            [DEBUG  ]  Ignoring file as matched an ignore pattern: LF3T07-R2.fastq
[2024-01-23 15:44:40,890] multiqc                                            [DEBUG  ]  Ignoring file as matched an ignore pattern: BA3T07-R2.fastq
[2024-01-23 15:44:40,890] multiqc                                            [DEBUG  ]  Ignoring file as matched an ignore pattern: BA3T03-R1.fastq
[2024-01-23 15:44:40,891] multiqc                                            [DEBUG  ]  Ignoring file as matched an ignore pattern: LF3T07-R1.fastq
[2024-01-23 15:44:40,891] multiqc                                            [DEBUG  ]  Ignoring file as matched an ignore pattern: LF3T03-R1.fastq
[2024-01-23 15:44:40,891] multiqc                                            [DEBUG  ]  Ignoring file as matched an ignore pattern: BA3T03-R2.fastq
[2024-01-23 15:44:40,891] multiqc                                            [DEBUG  ]  Ignoring file as matched an ignore pattern: BA3T11-R1.fastq
[2024-01-23 15:44:40,891] multiqc                                            [DEBUG  ]  Ignoring file as matched an ignore pattern: LF3T01-R2.fastq
[2024-01-23 15:44:40,891] multiqc                                            [DEBUG  ]  Ignoring file as matched an ignore pattern: LF3T01-R1.fastq
[2024-01-23 15:44:40,892] multiqc                                            [DEBUG  ]  Ignoring file as matched an ignore pattern: BA3T11-R2.fastq
[2024-01-23 15:44:40,892] multiqc                                            [DEBUG  ]  Ignoring file as matched an ignore pattern: LF3T03-R2.fastq
[2024-01-23 15:44:40,892] multiqc                                            [DEBUG  ]  Ignoring file as matched an ignore pattern: BA3T07-R1.fastq
[2024-01-23 15:44:40,892] multiqc                                            [DEBUG  ]  Ignoring file as matched an ignore pattern: BA3T01-R1.fastq
[2024-01-23 15:44:40,892] multiqc                                            [DEBUG  ]  Ignoring file as matched an ignore pattern: BA3T01-R2.fastq
[2024-01-23 15:44:42,667] multiqc.modules.custom_content.custom_content      [DEBUG  ]  No custom content found
[2024-01-23 15:44:42,674] multiqc.modules.peddy.peddy                        [DEBUG  ]  Could not find any reports in ('.',)
[2024-01-23 15:44:42,677] multiqc.modules.methylQA.methylQA                  [DEBUG  ]  Could not find any reports in ('.',)
[2024-01-23 15:44:42,680] multiqc.modules.qualimap.QM_BamQC                  [DEBUG  ]  Using default Qualimap thresholds: 1, 5, 10, 30, 50
[2024-01-23 15:44:42,688] multiqc.modules.qualimap.qualimap                  [DEBUG  ]  Could not find any reports in ('.',)
[2024-01-23 15:44:42,760] multiqc.modules.preseq.preseq                      [DEBUG  ]  Could not find any preseq data in ('.',)
[2024-01-23 15:44:42,763] multiqc.modules.quast.quast                        [DEBUG  ]  Could not find any reports in ('.',)
[2024-01-23 15:44:42,999] multiqc.modules.rseqc.rseqc                        [DEBUG  ]  Could not find any reports in ('.',)
[2024-01-23 15:44:43,002] multiqc.modules.busco.busco                        [DEBUG  ]  Could not find any reports in ('.',)
[2024-01-23 15:44:43,006] multiqc.modules.goleft_indexcov.goleft_indexcov    [DEBUG  ]  Did not find goleft indexcov outputs in ('.',)
[2024-01-23 15:44:43,066] multiqc.modules.snpeff.snpeff                      [DEBUG  ]  Could not find any data in ('.',)
[2024-01-23 15:44:43,126] multiqc.modules.gatk.gatk                          [DEBUG  ]  Could not find any reports in ('.',)
[2024-01-23 15:44:43,185] multiqc.modules.htseq.htseq                        [DEBUG  ]  Could not find any reports in ('.',)
[2024-01-23 15:44:43,243] multiqc.modules.bcftools.bcftools                  [DEBUG  ]  Could not find any reports in ('.',)
[2024-01-23 15:44:43,246] multiqc.modules.featureCounts.feature_counts       [DEBUG  ]  Could not find any reports in ('.',)
[2024-01-23 15:44:43,818] multiqc.modules.picard.picard                      [DEBUG  ]  Could not find any reports in ('.',)
[2024-01-23 15:44:43,822] multiqc.modules.prokka.prokka                      [DEBUG  ]  Could not find any Prokka data in ('.',)
[2024-01-23 15:44:43,881] multiqc.modules.samblaster.samblaster              [DEBUG  ]  Could not find any data in ('.',)
[2024-01-23 15:44:44,055] multiqc.modules.samtools.samtools                  [DEBUG  ]  Could not find any reports in ('.',)
[2024-01-23 15:44:44,114] multiqc.modules.bamtools.bamtools                  [DEBUG  ]  Could not find any reports in ('.',)
[2024-01-23 15:44:44,123] multiqc.modules.bismark.bismark                    [DEBUG  ]  Could not find any reports in ('.',)
[2024-01-23 15:44:44,126] multiqc.modules.hicup.hicup                        [DEBUG  ]  Could not find any HiCUP data in ('.',)
[2024-01-23 15:44:44,130] multiqc.modules.salmon.salmon                      [DEBUG  ]  Could not find any Salmon data in ('.',)
[2024-01-23 15:44:44,188] multiqc.modules.kallisto.kallisto                  [DEBUG  ]  Could not find any reports in ('.',)
[2024-01-23 15:44:44,538] multiqc.modules.slamdunk.slamdunk                  [DEBUG  ]  No slamdunk reports found.
[2024-01-23 15:44:44,543] multiqc.modules.star.star                          [DEBUG  ]  Could not find any reports in ('.',)
[2024-01-23 15:44:44,546] multiqc.modules.tophat.tophat                      [DEBUG  ]  Could not find any reports in ('.',)
[2024-01-23 15:44:44,607] multiqc.modules.bowtie2.bowtie2                    [DEBUG  ]  Could not find any reports in ('.',)
[2024-01-23 15:44:44,668] multiqc.modules.bowtie1.bowtie1                    [DEBUG  ]  Could not find any reports in ('.',)
[2024-01-23 15:44:44,729] multiqc.modules.cutadapt.cutadapt                  [DEBUG  ]  Could not find any reports in ('.',)
[2024-01-23 15:44:44,790] multiqc.modules.trimmomatic.trimmomatic            [DEBUG  ]  Could not find any Trimmomatic data in ('.',)
[2024-01-23 15:44:44,847] multiqc.modules.skewer.skewer                      [DEBUG  ]  Could not find any data in ('.',)
[2024-01-23 15:44:44,850] multiqc.modules.fastq_screen.fastq_screen          [DEBUG  ]  Could not find any reports in ('.',)
[2024-01-23 15:44:45,256] multiqc.modules.fastqc.fastqc                      [INFO   ]  Found 14 reports
[2024-01-23 15:44:46,055] multiqc.modules.clusterflow.clusterflow            [DEBUG  ]  Could not find any reports in ('.',)
[2024-01-23 15:44:46,056] multiqc                                            [INFO   ]  Report      : multiqc_report.html
[2024-01-23 15:44:46,056] multiqc                                            [INFO   ]  Data        : multiqc_data
[2024-01-23 15:44:46,057] multiqc                                            [DEBUG  ]  Moving data file from '/tmp/tmpjNhbr2/multiqc_data/multiqc_general_stats.txt' to '/home/user19/analisis16s/data/Demultiplexed/multiqc_data'
[2024-01-23 15:44:46,057] multiqc                                            [DEBUG  ]  Moving data file from '/tmp/tmpjNhbr2/multiqc_data/multiqc_fastqc.txt' to '/home/user19/analisis16s/data/Demultiplexed/multiqc_data'
[2024-01-23 15:44:46,057] multiqc                                            [DEBUG  ]  Moving data file from '/tmp/tmpjNhbr2/multiqc_data/multiqc_sources.txt' to '/home/user19/analisis16s/data/Demultiplexed/multiqc_data'
[2024-01-23 15:44:46,141] multiqc                                            [INFO   ]  MultiQC complete
